[0.218s] Invoking command in '/home/aditya/Documents/projects/rrc_ws/rrc_example/src/rrc_example_package': PS1=Singularity> PYTHONPATH=/home/aditya/Documents/projects/rrc_ws/rrc_example/src/rrc_example_package/install/rrc21/lib/python3.8/site-packages:${PYTHONPATH} /usr/bin/python3 setup.py egg_info --egg-base build/rrc21 build --build-base /home/aditya/Documents/projects/rrc_ws/rrc_example/src/rrc_example_package/build/rrc21/build install --prefix /home/aditya/Documents/projects/rrc_ws/rrc_example/src/rrc_example_package/install/rrc21 --record /home/aditya/Documents/projects/rrc_ws/rrc_example/src/rrc_example_package/build/rrc21/install.log --single-version-externally-managed
[0.411s] running egg_info
[0.411s] writing build/rrc21/rrc21.egg-info/PKG-INFO
[0.412s] writing dependency_links to build/rrc21/rrc21.egg-info/dependency_links.txt
[0.412s] writing entry points to build/rrc21/rrc21.egg-info/entry_points.txt
[0.412s] writing requirements to build/rrc21/rrc21.egg-info/requires.txt
[0.412s] writing top-level names to build/rrc21/rrc21.egg-info/top_level.txt
[0.442s] reading manifest file 'build/rrc21/rrc21.egg-info/SOURCES.txt'
[0.444s] writing manifest file 'build/rrc21/rrc21.egg-info/SOURCES.txt'
[0.444s] running build
[0.444s] running build_py
[0.446s] copying submission/env/cube_env.py -> /home/aditya/Documents/projects/rrc_ws/rrc_example/src/rrc_example_package/build/rrc21/build/lib/env
[0.450s] copying submission/rrc_example_package/solution/run_local_episode_rev.py -> /home/aditya/Documents/projects/rrc_ws/rrc_example/src/rrc_example_package/build/rrc21/build/lib/rrc_example_package/solution
[0.453s] running install
[0.454s] running install_lib
[0.457s] copying /home/aditya/Documents/projects/rrc_ws/rrc_example/src/rrc_example_package/build/rrc21/build/lib/rrc_example_package/solution/run_local_episode_rev.py -> /home/aditya/Documents/projects/rrc_ws/rrc_example/src/rrc_example_package/install/rrc21/lib/python3.8/site-packages/rrc_example_package/solution
[0.458s] copying /home/aditya/Documents/projects/rrc_ws/rrc_example/src/rrc_example_package/build/rrc21/build/lib/env/cube_env.py -> /home/aditya/Documents/projects/rrc_ws/rrc_example/src/rrc_example_package/install/rrc21/lib/python3.8/site-packages/env
[0.461s] byte-compiling /home/aditya/Documents/projects/rrc_ws/rrc_example/src/rrc_example_package/install/rrc21/lib/python3.8/site-packages/rrc_example_package/solution/run_local_episode_rev.py to run_local_episode_rev.cpython-38.pyc
[0.462s] byte-compiling /home/aditya/Documents/projects/rrc_ws/rrc_example/src/rrc_example_package/install/rrc21/lib/python3.8/site-packages/env/cube_env.py to cube_env.cpython-38.pyc
[0.465s] running install_data
[0.465s] running install_egg_info
[0.467s] removing '/home/aditya/Documents/projects/rrc_ws/rrc_example/src/rrc_example_package/install/rrc21/lib/python3.8/site-packages/rrc21-2.0.0-py3.8.egg-info' (and everything under it)
[0.467s] Copying build/rrc21/rrc21.egg-info to /home/aditya/Documents/projects/rrc_ws/rrc_example/src/rrc_example_package/install/rrc21/lib/python3.8/site-packages/rrc21-2.0.0-py3.8.egg-info
[0.467s] running install_scripts
[0.482s] Installing demo_gym script to /home/aditya/Documents/projects/rrc_ws/rrc_example/src/rrc_example_package/install/rrc21/lib/rrc21
[0.482s] Installing dice_example_with_gym script to /home/aditya/Documents/projects/rrc_ws/rrc_example/src/rrc_example_package/install/rrc21/lib/rrc21
[0.482s] Installing real_move_up_and_down script to /home/aditya/Documents/projects/rrc_ws/rrc_example/src/rrc_example_package/install/rrc21/lib/rrc21
[0.482s] Installing real_trajectory_example_with_gym script to /home/aditya/Documents/projects/rrc_ws/rrc_example/src/rrc_example_package/install/rrc21/lib/rrc21
[0.482s] Installing run_local_episode script to /home/aditya/Documents/projects/rrc_ws/rrc_example/src/rrc_example_package/install/rrc21/lib/rrc21
[0.482s] Installing sim_move_up_and_down script to /home/aditya/Documents/projects/rrc_ws/rrc_example/src/rrc_example_package/install/rrc21/lib/rrc21
[0.482s] Installing sim_trajectory_example_with_gym script to /home/aditya/Documents/projects/rrc_ws/rrc_example/src/rrc_example_package/install/rrc21/lib/rrc21
[0.485s] writing list of installed files to '/home/aditya/Documents/projects/rrc_ws/rrc_example/src/rrc_example_package/build/rrc21/install.log'
[0.505s] Invoked command in '/home/aditya/Documents/projects/rrc_ws/rrc_example/src/rrc_example_package' returned '0': PS1=Singularity> PYTHONPATH=/home/aditya/Documents/projects/rrc_ws/rrc_example/src/rrc_example_package/install/rrc21/lib/python3.8/site-packages:${PYTHONPATH} /usr/bin/python3 setup.py egg_info --egg-base build/rrc21 build --build-base /home/aditya/Documents/projects/rrc_ws/rrc_example/src/rrc_example_package/build/rrc21/build install --prefix /home/aditya/Documents/projects/rrc_ws/rrc_example/src/rrc_example_package/install/rrc21 --record /home/aditya/Documents/projects/rrc_ws/rrc_example/src/rrc_example_package/build/rrc21/install.log --single-version-externally-managed
