[0.000000] (-) TimerEvent: {}
[0.000105] (rrc21) JobQueued: {'identifier': 'rrc21', 'dependencies': OrderedDict()}
[0.000158] (rrc21) JobStarted: {'identifier': 'rrc21'}
[0.098752] (-) TimerEvent: {}
[0.199093] (-) TimerEvent: {}
[0.217466] (rrc21) Command: {'cmd': ['/usr/bin/python3', 'setup.py', 'egg_info', '--egg-base', 'build/rrc21', 'build', '--build-base', '/home/aditya/Documents/projects/rrc_ws/rrc_example/src/rrc_example_package/build/rrc21/build', 'install', '--prefix', '/home/aditya/Documents/projects/rrc_ws/rrc_example/src/rrc_example_package/install/rrc21', '--record', '/home/aditya/Documents/projects/rrc_ws/rrc_example/src/rrc_example_package/build/rrc21/install.log', '--single-version-externally-managed'], 'cwd': '/home/aditya/Documents/projects/rrc_ws/rrc_example/src/rrc_example_package', 'env': {'SHLVL': '1', 'LD_LIBRARY_PATH': '/opt/blmc_ei/install/robot_fingers/lib:/opt/blmc_ei/install/trifinger_object_tracking/lib:/opt/blmc_ei/install/trifinger_cameras/lib:/opt/blmc_ei/install/package_template/lib:/opt/blmc_ei/install/robot_interfaces/lib:/opt/blmc_ei/install/blmc_drivers/lib:/opt/blmc_ei/install/time_series/lib:/opt/blmc_ei/install/signal_handler/lib:/opt/blmc_ei/install/shared_memory/lib:/opt/blmc_ei/install/real_time_tools/lib:/opt/blmc_ei/install/pybind11_opencv/lib:/opt/blmc_ei/install/master_board_sdk/lib:/opt/ros/foxy/opt/yaml_cpp_vendor/lib:/opt/ros/foxy/lib/x86_64-linux-gnu:/opt/ros/foxy/lib:/.singularity.d/libs', 'HOME': '/home/aditya', 'ROS_PYTHON_VERSION': '3', 'PS1': 'Singularity>', 'COLCON_PREFIX_PATH': '/home/aditya/Documents/projects/rrc_ws/rrc_example/src/rrc_example_package/install:/opt/blmc_ei/install', 'ROS_DISTRO': 'foxy', 'SINGULARITY_ENVIRONMENT': '/.singularity.d/env/91-environment.sh', '_': '/usr/bin/colcon', 'ROS_VERSION': '2', 'PKG_CONFIG_PATH': '/opt/blmc_ei/install/master_board_sdk/lib/pkgconfig', 'TERM': 'screen', 'ROS_LOCALHOST_ONLY': '0', 'PATH': '/opt/blmc_ei/install/package_template/bin:/opt/blmc_ei/install/time_series/bin:/opt/blmc_ei/install/signal_handler/bin:/opt/blmc_ei/install/shared_memory/bin:/opt/blmc_ei/install/real_time_tools/bin:/opt/blmc_ei/install/mpi_cmake_modules/bin:/opt/blmc_ei/install/master_board_sdk/bin:/opt/ros/foxy/bin:/usr/local/sbin:/usr/local/bin:/usr/sbin:/usr/bin:/sbin:/bin', 'DISPLAY': ':0', 'LANG': 'C.UTF-8', 'SINGULARITY_COMMAND': 'shell', 'AMENT_PREFIX_PATH': '/home/aditya/Documents/projects/rrc_ws/rrc_example/src/rrc_example_package/install/rrc21:/opt/blmc_ei/install/robot_fingers:/opt/blmc_ei/install/trifinger_object_tracking:/opt/blmc_ei/install/trifinger_cameras:/opt/blmc_ei/install/trifinger_simulation:/opt/blmc_ei/install/robot_interfaces:/opt/blmc_ei/install/blmc_drivers:/opt/blmc_ei/install/robot_properties_fingers:/opt/blmc_ei/install/pybind11_opencv:/opt/ros/foxy', 'SHELL': '/bin/bash', 'IMAGE_BUILD_DATE': 'Wed May 26 16:55:41 UTC 2021', 'CMAKE_MODULE_PATH': '/opt/blmc_ei/install/trifinger_cameras/share/trifinger_cameras/cmake:/opt/blmc_ei/install/pybind11/share/cmake/pybind11', 'SINGULARITY_CONTAINER': '/home/aditya/Documents/projects/benchmark_ws/src/benchmark-rrc/rrc2021_latest.sif', 'SINGULARITY_BIND': '/home/aditya/Documents/projects/rrc_ws/rrc_example/', 'PWD': '/home/aditya/Documents/projects/rrc_ws/rrc_example/src/rrc_example_package/build/rrc21', 'LC_ALL': 'C.UTF-8', 'PYTHONPATH': '/home/aditya/Documents/projects/rrc_ws/rrc_example/src/rrc_example_package/install/rrc21/lib/python3.8/site-packages:/home/aditya/Documents/projects/rrc_ws/rrc_example/src/rrc_example_package/install/rrc21/lib/python3.8/site-packages:/opt/blmc_ei/install/robot_fingers/lib/python3.8/site-packages:/opt/blmc_ei/install/trifinger_object_tracking/lib/python3.8/site-packages:/opt/blmc_ei/install/trifinger_cameras/lib/python3.8/site-packages:/opt/blmc_ei/install/package_template/lib/python3.8/site-packages:/opt/blmc_ei/install/trifinger_simulation/lib/python3.8/site-packages:/opt/blmc_ei/install/robot_interfaces/lib/python3.8/site-packages:/opt/blmc_ei/install/signal_handler/lib/python3.8/site-packages:/opt/blmc_ei/install/shared_memory/lib/python3.8/site-packages:/opt/blmc_ei/install/real_time_tools/lib/python3.8/site-packages:/opt/blmc_ei/install/pybind11_opencv/lib/python3.8/site-packages:/opt/blmc_ei/install/mpi_cmake_modules/lib/python3.8/site-packages:/opt/ros/foxy/lib/python3.8/site-packages', 'SINGULARITY_NAME': 'rrc2021_latest.sif', 'COLCON': '1', 'CMAKE_PREFIX_PATH': '/opt/blmc_ei/install/robot_fingers:/opt/blmc_ei/install/trifinger_object_tracking:/opt/blmc_ei/install/trifinger_cameras:/opt/blmc_ei/install/package_template:/opt/blmc_ei/install/yaml_utils:/opt/blmc_ei/install/robot_interfaces:/opt/blmc_ei/install/blmc_drivers:/opt/blmc_ei/install/time_series:/opt/blmc_ei/install/signal_handler:/opt/blmc_ei/install/shared_memory:/opt/blmc_ei/install/serialization_utils:/opt/blmc_ei/install/robot_properties_fingers:/opt/blmc_ei/install/real_time_tools:/opt/blmc_ei/install/pybind11_opencv:/opt/blmc_ei/install/pybind11:/opt/blmc_ei/install/mpi_cmake_modules:/opt/blmc_ei/install/master_board_sdk:/opt/blmc_ei/install/googletest-distribution'}, 'shell': False}
[0.299232] (-) TimerEvent: {}
[0.399589] (-) TimerEvent: {}
[0.411039] (rrc21) StdoutLine: {'line': b'running egg_info\n'}
[0.411455] (rrc21) StdoutLine: {'line': b'writing build/rrc21/rrc21.egg-info/PKG-INFO\n'}
[0.411718] (rrc21) StdoutLine: {'line': b'writing dependency_links to build/rrc21/rrc21.egg-info/dependency_links.txt\n'}
[0.411967] (rrc21) StdoutLine: {'line': b'writing entry points to build/rrc21/rrc21.egg-info/entry_points.txt\n'}
[0.412166] (rrc21) StdoutLine: {'line': b'writing requirements to build/rrc21/rrc21.egg-info/requires.txt\n'}
[0.412235] (rrc21) StdoutLine: {'line': b'writing top-level names to build/rrc21/rrc21.egg-info/top_level.txt\n'}
[0.441990] (rrc21) StdoutLine: {'line': b"reading manifest file 'build/rrc21/rrc21.egg-info/SOURCES.txt'\n"}
[0.444274] (rrc21) StdoutLine: {'line': b"writing manifest file 'build/rrc21/rrc21.egg-info/SOURCES.txt'\n"}
[0.444488] (rrc21) StdoutLine: {'line': b'running build\n'}
[0.444589] (rrc21) StdoutLine: {'line': b'running build_py\n'}
[0.445864] (rrc21) StdoutLine: {'line': b'copying submission/env/cube_env.py -> /home/aditya/Documents/projects/rrc_ws/rrc_example/src/rrc_example_package/build/rrc21/build/lib/env\n'}
[0.450243] (rrc21) StdoutLine: {'line': b'copying submission/rrc_example_package/solution/run_local_episode_rev.py -> /home/aditya/Documents/projects/rrc_ws/rrc_example/src/rrc_example_package/build/rrc21/build/lib/rrc_example_package/solution\n'}
[0.453269] (rrc21) StdoutLine: {'line': b'running install\n'}
[0.454011] (rrc21) StdoutLine: {'line': b'running install_lib\n'}
[0.457422] (rrc21) StdoutLine: {'line': b'copying /home/aditya/Documents/projects/rrc_ws/rrc_example/src/rrc_example_package/build/rrc21/build/lib/rrc_example_package/solution/run_local_episode_rev.py -> /home/aditya/Documents/projects/rrc_ws/rrc_example/src/rrc_example_package/install/rrc21/lib/python3.8/site-packages/rrc_example_package/solution\n'}
[0.457907] (rrc21) StdoutLine: {'line': b'copying /home/aditya/Documents/projects/rrc_ws/rrc_example/src/rrc_example_package/build/rrc21/build/lib/env/cube_env.py -> /home/aditya/Documents/projects/rrc_ws/rrc_example/src/rrc_example_package/install/rrc21/lib/python3.8/site-packages/env\n'}
[0.460810] (rrc21) StdoutLine: {'line': b'byte-compiling /home/aditya/Documents/projects/rrc_ws/rrc_example/src/rrc_example_package/install/rrc21/lib/python3.8/site-packages/rrc_example_package/solution/run_local_episode_rev.py to run_local_episode_rev.cpython-38.pyc\n'}
[0.462429] (rrc21) StdoutLine: {'line': b'byte-compiling /home/aditya/Documents/projects/rrc_ws/rrc_example/src/rrc_example_package/install/rrc21/lib/python3.8/site-packages/env/cube_env.py to cube_env.cpython-38.pyc\n'}
[0.464942] (rrc21) StdoutLine: {'line': b'running install_data\n'}
[0.465411] (rrc21) StdoutLine: {'line': b'running install_egg_info\n'}
[0.466679] (rrc21) StdoutLine: {'line': b"removing '/home/aditya/Documents/projects/rrc_ws/rrc_example/src/rrc_example_package/install/rrc21/lib/python3.8/site-packages/rrc21-2.0.0-py3.8.egg-info' (and everything under it)\n"}
[0.466942] (rrc21) StdoutLine: {'line': b'Copying build/rrc21/rrc21.egg-info to /home/aditya/Documents/projects/rrc_ws/rrc_example/src/rrc_example_package/install/rrc21/lib/python3.8/site-packages/rrc21-2.0.0-py3.8.egg-info\n'}
[0.467529] (rrc21) StdoutLine: {'line': b'running install_scripts\n'}
[0.481544] (rrc21) StdoutLine: {'line': b'Installing demo_gym script to /home/aditya/Documents/projects/rrc_ws/rrc_example/src/rrc_example_package/install/rrc21/lib/rrc21\n'}
[0.481978] (rrc21) StdoutLine: {'line': b'Installing dice_example_with_gym script to /home/aditya/Documents/projects/rrc_ws/rrc_example/src/rrc_example_package/install/rrc21/lib/rrc21\n'}
[0.482223] (rrc21) StdoutLine: {'line': b'Installing real_move_up_and_down script to /home/aditya/Documents/projects/rrc_ws/rrc_example/src/rrc_example_package/install/rrc21/lib/rrc21\n'}
[0.482293] (rrc21) StdoutLine: {'line': b'Installing real_trajectory_example_with_gym script to /home/aditya/Documents/projects/rrc_ws/rrc_example/src/rrc_example_package/install/rrc21/lib/rrc21\n'}
[0.482353] (rrc21) StdoutLine: {'line': b'Installing run_local_episode script to /home/aditya/Documents/projects/rrc_ws/rrc_example/src/rrc_example_package/install/rrc21/lib/rrc21\n'}
[0.482410] (rrc21) StdoutLine: {'line': b'Installing sim_move_up_and_down script to /home/aditya/Documents/projects/rrc_ws/rrc_example/src/rrc_example_package/install/rrc21/lib/rrc21\n'}
[0.482465] (rrc21) StdoutLine: {'line': b'Installing sim_trajectory_example_with_gym script to /home/aditya/Documents/projects/rrc_ws/rrc_example/src/rrc_example_package/install/rrc21/lib/rrc21\n'}
[0.485598] (rrc21) StdoutLine: {'line': b"writing list of installed files to '/home/aditya/Documents/projects/rrc_ws/rrc_example/src/rrc_example_package/build/rrc21/install.log'\n"}
[0.499702] (-) TimerEvent: {}
[0.505135] (rrc21) CommandEnded: {'returncode': 0}
[0.518374] (rrc21) JobEnded: {'identifier': 'rrc21', 'rc': 0}
[0.518787] (-) EventReactorShutdown: {}
