[0.271s] DEBUG:colcon:Command line arguments: ['/usr/bin/colcon', 'build']
[0.272s] DEBUG:colcon:Parsed command line arguments: Namespace(ament_cmake_args=None, base_paths=['.'], build_base='build', catkin_cmake_args=None, catkin_skip_building_tests=False, cmake_args=None, cmake_clean_cache=False, cmake_clean_first=False, cmake_force_configure=False, cmake_target=None, cmake_target_skip_unavailable=False, continue_on_error=False, event_handlers=None, executor='parallel', ignore_user_meta=False, install_base='install', log_base=None, log_level=None, main=<bound method BuildVerb.main of <colcon_core.verb.build.BuildVerb object at 0x7fe5c53ecac0>>, merge_install=False, metas=['./colcon.meta'], mixin=None, mixin_files=None, mixin_verb=('build',), packages_above=None, packages_above_and_dependencies=None, packages_above_depth=None, packages_end=None, packages_ignore=None, packages_ignore_regex=None, packages_select=None, packages_select_build_failed=False, packages_select_by_dep=None, packages_select_regex=None, packages_select_test_failures=False, packages_skip=None, packages_skip_build_finished=False, packages_skip_by_dep=None, packages_skip_regex=None, packages_skip_test_passed=False, packages_skip_up_to=None, packages_start=None, packages_up_to=None, packages_up_to_regex=None, parallel_workers=8, paths=None, symlink_install=False, test_result_base=None, verb_extension=<colcon_core.verb.build.BuildVerb object at 0x7fe5c53ecac0>, verb_name='build', verb_parser=<colcon_mixin.mixin.mixin_argument.MixinArgumentDecorator object at 0x7fe5c53790d0>)
[0.276s] Level 1:colcon.colcon_core.package_discovery:discover_packages(colcon_meta) check parameters
[0.276s] Level 1:colcon.colcon_core.package_discovery:discover_packages(recursive) check parameters
[0.276s] Level 1:colcon.colcon_core.package_discovery:discover_packages(ignore) check parameters
[0.276s] Level 1:colcon.colcon_core.package_discovery:discover_packages(path) check parameters
[0.276s] Level 1:colcon.colcon_core.package_discovery:discover_packages(colcon_meta) discover
[0.276s] Level 1:colcon.colcon_core.package_discovery:discover_packages(recursive) discover
[0.276s] INFO:colcon.colcon_core.package_discovery:Crawling recursively for packages in '/home/aditya/Documents/projects/rrc_ws/rrc_example/src/rrc_example_package'
[0.276s] Level 1:colcon.colcon_core.package_identification:_identify(.) by extensions ['ignore', 'ignore_ament_install']
[0.276s] Level 1:colcon.colcon_core.package_identification:_identify(.) by extension 'ignore'
[0.277s] Level 1:colcon.colcon_core.package_identification:_identify(.) by extension 'ignore_ament_install'
[0.277s] Level 1:colcon.colcon_core.package_identification:_identify(.) by extensions ['colcon_pkg']
[0.277s] Level 1:colcon.colcon_core.package_identification:_identify(.) by extension 'colcon_pkg'
[0.277s] Level 1:colcon.colcon_core.package_identification:_identify(.) by extensions ['colcon_meta']
[0.277s] Level 1:colcon.colcon_core.package_identification:_identify(.) by extension 'colcon_meta'
[0.277s] Level 1:colcon.colcon_core.package_identification:_identify(.) by extensions ['ros']
[0.277s] Level 1:colcon.colcon_core.package_identification:_identify(.) by extension 'ros'
[0.288s] DEBUG:colcon.colcon_core.package_identification:Package '.' with type 'ros.ament_python' and name 'rrc21'
[0.288s] Level 1:colcon.colcon_core.package_discovery:discover_packages(recursive) using defaults
[0.288s] Level 1:colcon.colcon_core.package_discovery:discover_packages(ignore) discover
[0.288s] Level 1:colcon.colcon_core.package_discovery:discover_packages(ignore) using defaults
[0.288s] Level 1:colcon.colcon_core.package_discovery:discover_packages(path) discover
[0.288s] Level 1:colcon.colcon_core.package_discovery:discover_packages(path) using defaults
[0.304s] Level 5:colcon.colcon_core.verb:set package 'rrc21' build argument 'cmake_args' from command line to 'None'
[0.304s] Level 5:colcon.colcon_core.verb:set package 'rrc21' build argument 'cmake_target' from command line to 'None'
[0.304s] Level 5:colcon.colcon_core.verb:set package 'rrc21' build argument 'cmake_target_skip_unavailable' from command line to 'False'
[0.304s] Level 5:colcon.colcon_core.verb:set package 'rrc21' build argument 'cmake_clean_cache' from command line to 'False'
[0.304s] Level 5:colcon.colcon_core.verb:set package 'rrc21' build argument 'cmake_clean_first' from command line to 'False'
[0.304s] Level 5:colcon.colcon_core.verb:set package 'rrc21' build argument 'cmake_force_configure' from command line to 'False'
[0.304s] Level 5:colcon.colcon_core.verb:set package 'rrc21' build argument 'ament_cmake_args' from command line to 'None'
[0.304s] Level 5:colcon.colcon_core.verb:set package 'rrc21' build argument 'catkin_cmake_args' from command line to 'None'
[0.304s] Level 5:colcon.colcon_core.verb:set package 'rrc21' build argument 'catkin_skip_building_tests' from command line to 'False'
[0.304s] DEBUG:colcon.colcon_core.verb:Building package 'rrc21' with the following arguments: {'ament_cmake_args': None, 'build_base': '/home/aditya/Documents/projects/rrc_ws/rrc_example/src/rrc_example_package/build/rrc21', 'catkin_cmake_args': None, 'catkin_skip_building_tests': False, 'cmake_args': None, 'cmake_clean_cache': False, 'cmake_clean_first': False, 'cmake_force_configure': False, 'cmake_target': None, 'cmake_target_skip_unavailable': False, 'install_base': '/home/aditya/Documents/projects/rrc_ws/rrc_example/src/rrc_example_package/install/rrc21', 'merge_install': False, 'path': '/home/aditya/Documents/projects/rrc_ws/rrc_example/src/rrc_example_package', 'symlink_install': False, 'test_result_base': None}
[0.305s] INFO:colcon.colcon_core.executor:Executing jobs using 'parallel' executor
[0.306s] DEBUG:colcon.colcon_parallel_executor.executor.parallel:run_until_complete
[0.306s] INFO:colcon.colcon_ros.task.ament_python.build:Building ROS package in '/home/aditya/Documents/projects/rrc_ws/rrc_example/src/rrc_example_package' with build type 'ament_python'
[0.306s] Level 1:colcon.colcon_core.shell:create_environment_hook('rrc21', 'ament_prefix_path')
[0.310s] INFO:colcon.colcon_core.plugin_system:Skipping extension 'colcon_core.shell.bat': Not used on non-Windows systems
[0.310s] INFO:colcon.colcon_core.shell:Creating environment hook '/home/aditya/Documents/projects/rrc_ws/rrc_example/src/rrc_example_package/install/rrc21/share/rrc21/hook/ament_prefix_path.ps1'
[0.310s] INFO:colcon.colcon_core.shell:Creating environment descriptor '/home/aditya/Documents/projects/rrc_ws/rrc_example/src/rrc_example_package/install/rrc21/share/rrc21/hook/ament_prefix_path.dsv'
[0.311s] INFO:colcon.colcon_core.shell:Creating environment hook '/home/aditya/Documents/projects/rrc_ws/rrc_example/src/rrc_example_package/install/rrc21/share/rrc21/hook/ament_prefix_path.sh'
[0.311s] INFO:colcon.colcon_core.shell:Skip shell extension 'powershell' for command environment: Not usable outside of PowerShell
[0.312s] DEBUG:colcon.colcon_core.shell:Skip shell extension 'dsv' for command environment
[0.315s] DEBUG:colcon.colcon_core.shell:Ignoring prefix path '/opt/ros/foxy'
[0.516s] INFO:colcon.colcon_core.task.python.build:Building Python package in '/home/aditya/Documents/projects/rrc_ws/rrc_example/src/rrc_example_package'
[0.517s] INFO:colcon.colcon_core.shell:Skip shell extension 'powershell' for command environment: Not usable outside of PowerShell
[0.517s] DEBUG:colcon.colcon_core.shell:Skip shell extension 'dsv' for command environment
[0.520s] DEBUG:colcon.colcon_core.shell:Ignoring prefix path '/opt/ros/foxy'
[0.526s] DEBUG:colcon.colcon_core.event_handler.log_command:Invoking command in '/home/aditya/Documents/projects/rrc_ws/rrc_example/src/rrc_example_package': PS1=Singularity> PYTHONPATH=/home/aditya/Documents/projects/rrc_ws/rrc_example/src/rrc_example_package/install/rrc21/lib/python3.8/site-packages:${PYTHONPATH} /usr/bin/python3 setup.py egg_info --egg-base build/rrc21 build --build-base /home/aditya/Documents/projects/rrc_ws/rrc_example/src/rrc_example_package/build/rrc21/build install --prefix /home/aditya/Documents/projects/rrc_ws/rrc_example/src/rrc_example_package/install/rrc21 --record /home/aditya/Documents/projects/rrc_ws/rrc_example/src/rrc_example_package/build/rrc21/install.log --single-version-externally-managed
[0.813s] DEBUG:colcon.colcon_core.event_handler.log_command:Invoked command in '/home/aditya/Documents/projects/rrc_ws/rrc_example/src/rrc_example_package' returned '0': PS1=Singularity> PYTHONPATH=/home/aditya/Documents/projects/rrc_ws/rrc_example/src/rrc_example_package/install/rrc21/lib/python3.8/site-packages:${PYTHONPATH} /usr/bin/python3 setup.py egg_info --egg-base build/rrc21 build --build-base /home/aditya/Documents/projects/rrc_ws/rrc_example/src/rrc_example_package/build/rrc21/build install --prefix /home/aditya/Documents/projects/rrc_ws/rrc_example/src/rrc_example_package/install/rrc21 --record /home/aditya/Documents/projects/rrc_ws/rrc_example/src/rrc_example_package/build/rrc21/install.log --single-version-externally-managed
[0.816s] Level 1:colcon.colcon_core.environment:checking '/home/aditya/Documents/projects/rrc_ws/rrc_example/src/rrc_example_package/install/rrc21' for CMake module files
[0.817s] Level 1:colcon.colcon_core.environment:checking '/home/aditya/Documents/projects/rrc_ws/rrc_example/src/rrc_example_package/install/rrc21' for CMake config files
[0.819s] Level 1:colcon.colcon_core.environment:checking '/home/aditya/Documents/projects/rrc_ws/rrc_example/src/rrc_example_package/install/rrc21/lib'
[0.819s] Level 1:colcon.colcon_core.environment:checking '/home/aditya/Documents/projects/rrc_ws/rrc_example/src/rrc_example_package/install/rrc21/bin'
[0.819s] Level 1:colcon.colcon_core.environment:checking '/home/aditya/Documents/projects/rrc_ws/rrc_example/src/rrc_example_package/install/rrc21/lib/pkgconfig/rrc21.pc'
[0.819s] Level 1:colcon.colcon_core.environment:checking '/home/aditya/Documents/projects/rrc_ws/rrc_example/src/rrc_example_package/install/rrc21/lib/python3.8/site-packages'
[0.819s] Level 1:colcon.colcon_core.shell:create_environment_hook('rrc21', 'pythonpath')
[0.820s] INFO:colcon.colcon_core.shell:Creating environment hook '/home/aditya/Documents/projects/rrc_ws/rrc_example/src/rrc_example_package/install/rrc21/share/rrc21/hook/pythonpath.ps1'
[0.820s] INFO:colcon.colcon_core.shell:Creating environment descriptor '/home/aditya/Documents/projects/rrc_ws/rrc_example/src/rrc_example_package/install/rrc21/share/rrc21/hook/pythonpath.dsv'
[0.821s] INFO:colcon.colcon_core.shell:Creating environment hook '/home/aditya/Documents/projects/rrc_ws/rrc_example/src/rrc_example_package/install/rrc21/share/rrc21/hook/pythonpath.sh'
[0.821s] Level 1:colcon.colcon_core.environment:create_environment_scripts_only(rrc21)
[0.822s] INFO:colcon.colcon_core.shell:Creating package script '/home/aditya/Documents/projects/rrc_ws/rrc_example/src/rrc_example_package/install/rrc21/share/rrc21/package.ps1'
[0.822s] INFO:colcon.colcon_core.shell:Creating package descriptor '/home/aditya/Documents/projects/rrc_ws/rrc_example/src/rrc_example_package/install/rrc21/share/rrc21/package.dsv'
[0.823s] INFO:colcon.colcon_core.shell:Creating package script '/home/aditya/Documents/projects/rrc_ws/rrc_example/src/rrc_example_package/install/rrc21/share/rrc21/package.sh'
[0.824s] INFO:colcon.colcon_core.shell:Creating package script '/home/aditya/Documents/projects/rrc_ws/rrc_example/src/rrc_example_package/install/rrc21/share/rrc21/package.bash'
[0.824s] INFO:colcon.colcon_core.shell:Creating package script '/home/aditya/Documents/projects/rrc_ws/rrc_example/src/rrc_example_package/install/rrc21/share/rrc21/package.zsh'
[0.825s] Level 1:colcon.colcon_core.environment:create_file_with_runtime_dependencies(/home/aditya/Documents/projects/rrc_ws/rrc_example/src/rrc_example_package/install/rrc21/share/colcon-core/packages/rrc21)
[0.825s] DEBUG:colcon.colcon_parallel_executor.executor.parallel:closing loop
[0.825s] DEBUG:colcon.colcon_parallel_executor.executor.parallel:loop closed
[0.825s] DEBUG:colcon.colcon_parallel_executor.executor.parallel:run_until_complete finished with '0'
[0.826s] DEBUG:colcon.colcon_core.event_reactor:joining thread
[0.833s] INFO:colcon.colcon_core.plugin_system:Skipping extension 'colcon_notification.desktop_notification.notify_send': Could not find 'notify-send'
[0.833s] INFO:colcon.colcon_core.plugin_system:Skipping extension 'colcon_notification.desktop_notification.terminal_notifier': Not used on non-Darwin systems
[0.833s] INFO:colcon.colcon_core.plugin_system:Skipping extension 'colcon_notification.desktop_notification.win32': Not used on non-Windows systems
[0.833s] INFO:colcon.colcon_notification.desktop_notification:Sending desktop notification using 'notify2'
[0.834s] DEBUG:colcon.colcon_notification.desktop_notification.notify2:Failed to initialize notify2: org.freedesktop.DBus.Error.Spawn.ExecFailed: /usr/bin/dbus-launch terminated abnormally without any error message
[0.834s] DEBUG:colcon.colcon_core.event_reactor:joined thread
[0.835s] INFO:colcon.colcon_core.shell:Creating prefix script '/home/aditya/Documents/projects/rrc_ws/rrc_example/src/rrc_example_package/install/local_setup.ps1'
[0.837s] INFO:colcon.colcon_core.shell:Creating prefix util module '/home/aditya/Documents/projects/rrc_ws/rrc_example/src/rrc_example_package/install/_local_setup_util_ps1.py'
[0.838s] INFO:colcon.colcon_core.shell:Creating prefix chain script '/home/aditya/Documents/projects/rrc_ws/rrc_example/src/rrc_example_package/install/setup.ps1'
[0.843s] INFO:colcon.colcon_core.shell:Creating prefix script '/home/aditya/Documents/projects/rrc_ws/rrc_example/src/rrc_example_package/install/local_setup.sh'
[0.843s] INFO:colcon.colcon_core.shell:Creating prefix util module '/home/aditya/Documents/projects/rrc_ws/rrc_example/src/rrc_example_package/install/_local_setup_util_sh.py'
[0.844s] INFO:colcon.colcon_core.shell:Creating prefix chain script '/home/aditya/Documents/projects/rrc_ws/rrc_example/src/rrc_example_package/install/setup.sh'
[0.846s] INFO:colcon.colcon_core.shell:Creating prefix script '/home/aditya/Documents/projects/rrc_ws/rrc_example/src/rrc_example_package/install/local_setup.bash'
[0.846s] INFO:colcon.colcon_core.shell:Creating prefix chain script '/home/aditya/Documents/projects/rrc_ws/rrc_example/src/rrc_example_package/install/setup.bash'
[0.849s] INFO:colcon.colcon_core.shell:Creating prefix script '/home/aditya/Documents/projects/rrc_ws/rrc_example/src/rrc_example_package/install/local_setup.zsh'
[0.849s] INFO:colcon.colcon_core.shell:Creating prefix chain script '/home/aditya/Documents/projects/rrc_ws/rrc_example/src/rrc_example_package/install/setup.zsh'
